<?xml version="1.0" encoding="UTF-8"?>
<testng-results skipped="0" failed="0" total="1" passed="1">
  <reporter-output>
  </reporter-output>
  <suite name="Default suite" duration-ms="33855" started-at="2021-08-23T11:23:51Z" finished-at="2021-08-23T11:24:25Z">
    <groups>
      <group name="Smoke test">
        <method signature="CreateOrgTest.CreateOrganisation()[pri:0, instance:testNGScripts.CreateOrgTest@5622fdf]" name="CreateOrganisation" class="testNGScripts.CreateOrgTest"/>
      </group> <!-- Smoke test -->
    </groups>
    <test name="Default test" duration-ms="33855" started-at="2021-08-23T11:23:51Z" finished-at="2021-08-23T11:24:25Z">
      <class name="testNGScripts.CreateOrgTest">
        <test-method status="PASS" signature="launchbrowser()[pri:0, instance:testNGScripts.CreateOrgTest@5622fdf]" name="launchbrowser" is-config="true" duration-ms="9291" started-at="2021-08-23T16:53:51Z" finished-at="2021-08-23T16:54:01Z">
          <reporter-output>
          </reporter-output>
        </test-method> <!-- launchbrowser -->
        <test-method status="PASS" signature="logintoVtiger()[pri:0, instance:testNGScripts.CreateOrgTest@5622fdf]" name="logintoVtiger" is-config="true" duration-ms="5085" started-at="2021-08-23T16:54:01Z" finished-at="2021-08-23T16:54:06Z">
          <reporter-output>
          </reporter-output>
        </test-method> <!-- logintoVtiger -->
        <test-method status="PASS" signature="CreateOrganisation()[pri:0, instance:testNGScripts.CreateOrgTest@5622fdf]" name="CreateOrganisation" duration-ms="11338" started-at="2021-08-23T16:54:06Z" finished-at="2021-08-23T16:54:17Z">
          <reporter-output>
          </reporter-output>
        </test-method> <!-- CreateOrganisation -->
        <test-method status="PASS" signature="logoutVtiger()[pri:0, instance:testNGScripts.CreateOrgTest@5622fdf]" name="logoutVtiger" is-config="true" duration-ms="7796" started-at="2021-08-23T16:54:17Z" finished-at="2021-08-23T16:54:25Z">
          <reporter-output>
          </reporter-output>
        </test-method> <!-- logoutVtiger -->
        <test-method status="PASS" signature="closebrowser()[pri:0, instance:testNGScripts.CreateOrgTest@5622fdf]" name="closebrowser" is-config="true" duration-ms="324" started-at="2021-08-23T16:54:25Z" finished-at="2021-08-23T16:54:25Z">
          <reporter-output>
          </reporter-output>
        </test-method> <!-- closebrowser -->
      </class> <!-- testNGScripts.CreateOrgTest -->
    </test> <!-- Default test -->
  </suite> <!-- Default suite -->
</testng-results>
